<?xml version="1.0" encoding="UTF-8"?>
<testng-results ignored="0" total="1" passed="1" failed="0" skipped="0">
  <reporter-output>
  </reporter-output>
  <suite started-at="2026-05-14T09:51:23 IST" name="Surefire suite" finished-at="2026-05-14T09:51:27 IST" duration-ms="4402">
    <groups>
    </groups>
    <test started-at="2026-05-14T09:51:23 IST" name="Surefire test" finished-at="2026-05-14T09:51:27 IST" duration-ms="4402">
      <class name="tests.LoginTest">
        <test-method is-config="true" signature="setup()[pri:0, instance:tests.LoginTest@fdefd3f]" started-at="2026-05-14T09:51:23 IST" name="setup" finished-at="2026-05-14T09:51:24 IST" duration-ms="1551" status="PASS">
          <reporter-output>
          </reporter-output>
        </test-method> <!-- setup -->
        <test-method signature="loginTest()[pri:0, instance:tests.LoginTest@fdefd3f]" started-at="2026-05-14T09:51:24 IST" name="loginTest" finished-at="2026-05-14T09:51:27 IST" duration-ms="2716" status="PASS">
          <reporter-output>
          </reporter-output>
        </test-method> <!-- loginTest -->
        <test-method is-config="true" signature="tearDown()[pri:0, instance:tests.LoginTest@fdefd3f]" started-at="2026-05-14T09:51:27 IST" name="tearDown" finished-at="2026-05-14T09:51:27 IST" duration-ms="92" status="PASS">
          <reporter-output>
          </reporter-output>
        </test-method> <!-- tearDown -->
      </class> <!-- tests.LoginTest -->
    </test> <!-- Surefire test -->
  </suite> <!-- Surefire suite -->
</testng-results>
